Symlinking /home/blank/european_rover_challenge/navigation/devel/lib/python3/dist-packages/ar_track_alvar_msgs/__init__.py
Symlinking /home/blank/european_rover_challenge/navigation/devel/lib/python3/dist-packages/ar_track_alvar_msgs/msg/_AlvarMarker.py
Symlinking /home/blank/european_rover_challenge/navigation/devel/lib/python3/dist-packages/ar_track_alvar_msgs/msg/_AlvarMarkers.py
Symlinking /home/blank/european_rover_challenge/navigation/devel/lib/python3/dist-packages/ar_track_alvar_msgs/msg/__init__.py
Symlinking /home/blank/european_rover_challenge/navigation/devel/lib/pkgconfig/ar_track_alvar_msgs.pc
Symlinking /home/blank/european_rover_challenge/navigation/devel/include/ar_track_alvar_msgs/AlvarMarker.h
Symlinking /home/blank/european_rover_challenge/navigation/devel/include/ar_track_alvar_msgs/AlvarMarkers.h
Symlinking /home/blank/european_rover_challenge/navigation/devel/share/common-lisp/ros/ar_track_alvar_msgs/msg/ar_track_alvar_msgs-msg.asd
Symlinking /home/blank/european_rover_challenge/navigation/devel/share/common-lisp/ros/ar_track_alvar_msgs/msg/_package_AlvarMarkers.lisp
Symlinking /home/blank/european_rover_challenge/navigation/devel/share/common-lisp/ros/ar_track_alvar_msgs/msg/_package.lisp
Symlinking /home/blank/european_rover_challenge/navigation/devel/share/common-lisp/ros/ar_track_alvar_msgs/msg/AlvarMarker.lisp
Symlinking /home/blank/european_rover_challenge/navigation/devel/share/common-lisp/ros/ar_track_alvar_msgs/msg/_package_AlvarMarker.lisp
Symlinking /home/blank/european_rover_challenge/navigation/devel/share/common-lisp/ros/ar_track_alvar_msgs/msg/AlvarMarkers.lisp
Symlinking /home/blank/european_rover_challenge/navigation/devel/share/roseus/ros/ar_track_alvar_msgs/manifest.l
Symlinking /home/blank/european_rover_challenge/navigation/devel/share/roseus/ros/ar_track_alvar_msgs/msg/AlvarMarkers.l
Symlinking /home/blank/european_rover_challenge/navigation/devel/share/roseus/ros/ar_track_alvar_msgs/msg/AlvarMarker.l
Symlinking /home/blank/european_rover_challenge/navigation/devel/share/ar_track_alvar_msgs/cmake/ar_track_alvar_msgsConfig-version.cmake
Symlinking /home/blank/european_rover_challenge/navigation/devel/share/ar_track_alvar_msgs/cmake/ar_track_alvar_msgs-msg-extras.cmake
Symlinking /home/blank/european_rover_challenge/navigation/devel/share/ar_track_alvar_msgs/cmake/ar_track_alvar_msgs-msg-paths.cmake
Symlinking /home/blank/european_rover_challenge/navigation/devel/share/ar_track_alvar_msgs/cmake/ar_track_alvar_msgsConfig.cmake
Symlinking /home/blank/european_rover_challenge/navigation/devel/share/gennodejs/ros/ar_track_alvar_msgs/_index.js
Symlinking /home/blank/european_rover_challenge/navigation/devel/share/gennodejs/ros/ar_track_alvar_msgs/msg/AlvarMarkers.js
Symlinking /home/blank/european_rover_challenge/navigation/devel/share/gennodejs/ros/ar_track_alvar_msgs/msg/_index.js
Symlinking /home/blank/european_rover_challenge/navigation/devel/share/gennodejs/ros/ar_track_alvar_msgs/msg/AlvarMarker.js
